
> typecheck
> tsc --noEmit

src/components/forgot-password-form.tsx(67,10): error TS2741: Property 'search' is missing in type '{ children: (string | Element)[]; to: "/login"; className: string; }' but required in type 'MakeRequiredSearchParams<RouterCore<Route<Register, any, "/", "/", string, "__root__", undefined, {}, {}, AnyContext, AnyContext, {}, undefined, RootRouteChildren, FileRouteTypes, unknown, unknown, undefined>, "never", false, RouterHistory, Record<...>>, string, "/login">'.
src/components/forgot-password-form.tsx(117,12): error TS2741: Property 'search' is missing in type '{ children: (string | Element)[]; to: "/login"; className: string; }' but required in type 'MakeRequiredSearchParams<RouterCore<Route<Register, any, "/", "/", string, "__root__", undefined, {}, {}, AnyContext, AnyContext, {}, undefined, RootRouteChildren, FileRouteTypes, unknown, unknown, undefined>, "never", false, RouterHistory, Record<...>>, string, "/login">'.
src/components/nav-user.tsx(45,14): error TS2345: Argument of type '{ to: "/login"; }' is not assignable to parameter of type 'NavigateOptions<RouterCore<Route<Register, any, "/", "/", string, "__root__", undefined, {}, {}, AnyContext, AnyContext, {}, undefined, RootRouteChildren, FileRouteTypes, unknown, unknown, undefined>, "never", false, RouterHistory, Record<...>>, string, "/login", string, "">'.
  Property 'search' is missing in type '{ to: "/login"; }' but required in type 'MakeRequiredSearchParams<RouterCore<Route<Register, any, "/", "/", string, "__root__", undefined, {}, {}, AnyContext, AnyContext, {}, undefined, RootRouteChildren, FileRouteTypes, unknown, unknown, undefined>, "never", false, RouterHistory, Record<...>>, string, "/login">'.
src/components/reset-password-form.tsx(107,10): error TS2741: Property 'search' is missing in type '{ children: (string | Element)[]; to: "/login"; className: string; }' but required in type 'MakeRequiredSearchParams<RouterCore<Route<Register, any, "/", "/", string, "__root__", undefined, {}, {}, AnyContext, AnyContext, {}, undefined, RootRouteChildren, FileRouteTypes, unknown, unknown, undefined>, "never", false, RouterHistory, Record<...>>, string, "/login">'.
src/components/reset-password-form.tsx(136,12): error TS2741: Property 'search' is missing in type '{ children: string; to: "/login"; }' but required in type 'MakeRequiredSearchParams<RouterCore<Route<Register, any, "/", "/", string, "__root__", undefined, {}, {}, AnyContext, AnyContext, {}, undefined, RootRouteChildren, FileRouteTypes, unknown, unknown, undefined>, "never", false, RouterHistory, Record<...>>, string, "/login">'.
src/components/reset-password-form.tsx(197,12): error TS2741: Property 'search' is missing in type '{ children: (string | Element)[]; to: "/login"; className: string; }' but required in type 'MakeRequiredSearchParams<RouterCore<Route<Register, any, "/", "/", string, "__root__", undefined, {}, {}, AnyContext, AnyContext, {}, undefined, RootRouteChildren, FileRouteTypes, unknown, unknown, undefined>, "never", false, RouterHistory, Record<...>>, string, "/login">'.
src/components/signup-form.tsx(134,14): error TS2741: Property 'search' is missing in type '{ children: string; to: "/login"; className: string; }' but required in type 'MakeRequiredSearchParams<RouterCore<Route<Register, any, "/", "/", string, "__root__", undefined, {}, {}, AnyContext, AnyContext, {}, undefined, RootRouteChildren, FileRouteTypes, unknown, unknown, undefined>, "never", false, RouterHistory, Record<...>>, string, "/login">'.
src/components/WebSocketDemo.tsx(2,10): error TS2305: Module '"../hooks/use-websocket"' has no exported member 'useWebSocket'.
src/components/WebSocketDemo.tsx(29,32): error TS7006: Parameter 'msg' implicitly has an 'any' type.
src/components/WebSocketDemo.tsx(29,37): error TS7006: Parameter 'idx' implicitly has an 'any' type.
src/routes/chat-soporte.tsx(276,9): error TS6133: 'assignMutation' is declared but its value is never read.
src/routes/usuarios.tsx(26,3): error TS6133: 'Loader2' is declared but its value is never read.
src/routes/usuarios.tsx(55,27): error TS2307: Cannot find module '@/lib/schema' or its corresponding type declarations.
src/routes/usuarios.tsx(153,17): error TS7006: Parameter 'n' implicitly has an 'any' type.
src/routes/usuarios.tsx(548,9): error TS2322: Type 'SerializedUser | null' is not assignable to type '{ id: string; name: string; email: string; role: string; isDisabled: boolean; } | null'.
  Type 'SerializedUser' is not assignable to type '{ id: string; name: string; email: string; role: string; isDisabled: boolean; } | null'.
    Type 'SerializedUser' is missing the following properties from type '{ id: string; name: string; email: string; role: string; isDisabled: boolean; }': id, name, email, role, isDisabled
npm error Lifecycle script `typecheck` failed with error:
npm error code 2
npm error path C:\Users\ylaurach\prj\jadmin\apps\frontend
npm error workspace @jadmin/frontend
npm error location C:\Users\ylaurach\prj\jadmin\apps\frontend
npm error command failed
npm error command C:\Windows\system32\cmd.exe /d /s /c tsc --noEmit
